<?xml version="1.0" encoding="UTF-8"?>
<testng-results skipped="0" failed="0" total="4" passed="4">
  <reporter-output>
    <line>
      <![CDATA[This is Test Case002 of class 002 at level 1]]>
    </line>
    <line>
      <![CDATA[This is Test Case001 of class 002 at level 1]]>
    </line>
    <line>
      <![CDATA[This is Test Case001 of class 001 at level 1]]>
    </line>
    <line>
      <![CDATA[This is Test Case002 of class 001 at level 1]]>
    </line>
  </reporter-output>
  <suite name="suite of suites" duration-ms="0" started-at="2015-10-27T19:17:02Z" finished-at="2015-10-27T19:17:02Z">
    <groups>
    </groups>
  </suite> <!-- suite of suites -->
  <suite name="Suite1" duration-ms="12" started-at="2015-10-27T19:17:01Z" finished-at="2015-10-27T19:17:01Z">
    <groups>
    </groups>
    <test name="test001" duration-ms="12" started-at="2015-10-27T19:17:01Z" finished-at="2015-10-27T19:17:01Z">
      <class name="TestClasses.TestClass001">
        <test-method status="PASS" signature="beforeSuite()[pri:0, instance:TestClasses.TestClass001@277c0f21]" name="beforeSuite" is-config="true" duration-ms="14" started-at="2015-10-28T00:47:01Z" finished-at="2015-10-28T00:47:01Z">
          <reporter-output>
          </reporter-output>
        </test-method> <!-- beforeSuite -->
        <test-method status="PASS" signature="TestClass001_001()[pri:0, instance:TestClasses.TestClass001@277c0f21]" name="TestClass001_001" duration-ms="1" started-at="2015-10-28T00:47:01Z" finished-at="2015-10-28T00:47:01Z">
          <reporter-output>
            <line>
              <![CDATA[This is Test Case001 of class 001 at level 1]]>
            </line>
          </reporter-output>
        </test-method> <!-- TestClass001_001 -->
        <test-method status="PASS" signature="TestClass001_002()[pri:0, instance:TestClasses.TestClass001@277c0f21]" name="TestClass001_002" duration-ms="1" started-at="2015-10-28T00:47:01Z" finished-at="2015-10-28T00:47:01Z">
          <reporter-output>
            <line>
              <![CDATA[This is Test Case002 of class 001 at level 1]]>
            </line>
          </reporter-output>
        </test-method> <!-- TestClass001_002 -->
      </class> <!-- TestClasses.TestClass001 -->
    </test> <!-- test001 -->
  </suite> <!-- Suite1 -->
  <suite name="Suite2" duration-ms="12" started-at="2015-10-27T19:17:01Z" finished-at="2015-10-27T19:17:01Z">
    <groups>
    </groups>
    <test name="test002" duration-ms="12" started-at="2015-10-27T19:17:01Z" finished-at="2015-10-27T19:17:01Z">
      <class name="TestClasses.TestClass002">
        <test-method status="PASS" signature="beforeSuite()[pri:0, instance:TestClasses.TestClass002@48cf768c]" name="beforeSuite" is-config="true" duration-ms="14" started-at="2015-10-28T00:47:01Z" finished-at="2015-10-28T00:47:01Z">
          <reporter-output>
          </reporter-output>
        </test-method> <!-- beforeSuite -->
        <test-method status="PASS" signature="TestClass002_002()[pri:0, instance:TestClasses.TestClass002@48cf768c]" name="TestClass002_002" duration-ms="3" started-at="2015-10-28T00:47:01Z" finished-at="2015-10-28T00:47:01Z">
          <reporter-output>
            <line>
              <![CDATA[This is Test Case002 of class 002 at level 1]]>
            </line>
          </reporter-output>
        </test-method> <!-- TestClass002_002 -->
        <test-method status="PASS" signature="TestClass002_001()[pri:0, instance:TestClasses.TestClass002@48cf768c]" name="TestClass002_001" duration-ms="1" started-at="2015-10-28T00:47:01Z" finished-at="2015-10-28T00:47:01Z">
          <reporter-output>
            <line>
              <![CDATA[This is Test Case001 of class 002 at level 1]]>
            </line>
          </reporter-output>
        </test-method> <!-- TestClass002_001 -->
      </class> <!-- TestClasses.TestClass002 -->
    </test> <!-- test002 -->
  </suite> <!-- Suite2 -->
</testng-results>
